17.377007 69.807597 0
17.536944 70.047220 0
18.191550 70.047220 0
18.870590 70.047220 0
19.574977 64.056664 0
19.755144 64.056664 0
20.120468 64.056664 0
20.492549 64.296286 0
20.871510 64.296286 0
21.063610 64.775530 0
21.453131 64.775530 0
21.650585 65.254775 0
22.253917 65.254775 0
23.084594 66.213264 0
23.297064 66.452886 0
23.511489 66.692508 0
24.166678 67.171753 0
24.389107 67.650997 0
25.299485 68.369864 0
26.004500 68.609486 0
26.243845 69.088731 0
26.485392 69.088731 0
26.975176 69.567975 0
27.223455 69.567975 0
27.726888 69.807597 0
27.982085 70.286842 0
28.499547 70.286842 0
29.563356 70.766086 0
30.110060 70.766086 0
30.666874 71.005709 0
30.949130 71.005709 0
31.521461 71.245331 0
32.104375 71.484953 0
32.399863 71.484953 0
33.302743 71.724575 0
34.230783 71.964198 0
35.508523 72.922687 0
35.835342 73.162309 0
36.165169 73.401931 0
37.172976 74.360420 0
37.515114 74.600042 0
37.860402 74.839665 0
38.208867 75.079287 0
39.273625 75.798153 0
39.635098 76.037776 0
40.368055 77.235887 0
40.739601 77.475509 0
41.492983 77.715131 0
41.874882 77.954754 0
42.260297 78.194376 0
43.837756 78.673620 0
44.241237 78.913243 0
45.059374 79.152865 0
45.892640 79.392487 0
46.741315 79.392487 0
47.605684 79.392487 0
48.486038 79.632109 0
49.382673 79.871732 0
49.837188 79.871732 0
50.295888 79.871732 0
52.173294 80.350976 0
53.138115 80.590598 0
53.627195 80.830221 0
55.121613 81.309465 0
56.657675 81.788710 0
58.236542 82.507576 0
59.313489 82.507576 0
59.859407 82.986821 0
60.966365 83.226443 0
62.093793 83.226443 0
63.242070 83.466065 0
65.004423 83.705688 0
66.206525 84.184932 0
66.815887 84.184932 0
67.430858 84.424554 0
68.677831 84.664176 0
69.309939 84.424554 0
69.947864 84.664176 0
70.591661 84.664176 0
73.226652 84.903799 0
73.900627 84.664176 0
74.580805 84.664176 0
75.267243 84.664176 0
75.960000 84.903799 0
76.659132 84.903799 0
77.364699 84.903799 0
78.795376 85.143421 0
80.991149 85.383043 0
81.736588 85.622665 0
82.488888 85.622665 0
83.248112 85.622665 0
85.567969 85.622665 0
86.355533 85.862288 0
87.952473 85.862288 0
89.578945 86.581154 0
90.403426 86.581154 0
91.235495 86.820777 0
92.075222 87.060399 0
92.922679 87.300021 0
93.777935 87.300021 0
94.641063 87.300021 0
96.391224 87.060399 0
97.278405 86.820777 0
98.173751 86.581154 0
99.077338 86.341532 0
102.775620 86.101910 0
103.721562 86.341532 0
104.676211 86.341532 0
105.639646 86.581154 0
106.611948 86.581154 0
107.593200 86.581154 0
109.582880 86.820777 0
111.609355 87.060399 0
112.636603 87.060399 0
116.841014 86.820777 0
119.001711 86.341532 0
120.096998 86.341532 0
122.317906 86.101910 0
125.726513 86.101910 0
126.883694 86.101910 0
128.051526 86.101910 0
129.230107 86.341532 0
131.619910 86.581154 0
132.831334 86.820777 0
134.053908 87.060399 0
137.789559 87.300021 0
139.057768 87.300021 0
140.337649 87.060399 0
141.629311 86.820777 0
142.932861 86.581154 0
144.248408 86.581154 0
145.576064 86.581154 0
146.915940 86.581154 0
149.632801 86.581154 0
152.399904 87.060399 0
153.802586 87.300021 0
155.218178 87.539643 0
159.543609 88.498132 0
165.498929 88.258510 0
167.022174 88.018888 0
168.559439 87.539643 0
170.110852 87.060399 0
171.676545 86.341532 0
173.256648 85.862288 0
174.851295 85.862288 0
176.460618 85.622665 0
179.723838 85.862288 0
186.432430 86.581154 0
188.148345 86.820777 0
193.391435 86.820777 0
195.171401 86.820777 0
198.780632 86.820777 0
200.610200 86.820777 0
202.456607 86.820777 0
204.320009 86.820777 0
206.200561 87.060399 0
210.013750 87.300021 0
211.946708 87.300021 0
213.897456 87.300021 0
215.866158 87.060399 0
219.858090 86.820777 0
223.923843 86.820777 0
228.064782 87.060399 0
230.163880 87.300021 0
232.282298 87.539643 0
234.420214 87.539643 0
240.952751 87.779266 0
249.946849 88.258510 0
252.247348 88.258510 0
254.569021 88.258510 0
256.912063 88.258510 0
259.276670 88.018888 0
264.071376 88.018888 0
268.954749 87.779266 0
271.430196 87.539643 0
273.928428 87.300021 0
278.994083 87.060399 0
281.561932 87.060399 0
284.153415 87.060399 0
292.071857 87.300021 0
297.473032 87.300021 0
302.974089 87.539643 0
305.762649 87.779266 0
311.417002 87.779266 0
314.283270 87.779266 0
323.041334 88.018888 0
326.014592 88.258510 0
329.015216 88.258510 0
335.099570 88.018888 0
341.296441 87.779266 0
344.437718 87.779266 0
350.807275 87.539643 0
354.036089 87.539643 0
360.583145 87.300021 0
367.251273 87.060399 0
370.631438 87.060399 0
384.466080 88.018888 0
391.575867 88.498132 0
395.179914 88.258510 0
402.487827 87.300021 0
406.192307 87.300021 0
413.703868 87.300021 0
417.511580 86.820777 0
425.232464 85.622665 0
429.146285 85.383043 0
433.096128 85.143421 0
441.105212 85.383043 0
453.397395 85.862288 0
457.570445 85.862288 0
461.781903 85.622665 0
470.321461 85.622665 0
474.650279 85.383043 0
492.367656 84.664176 0
496.899386 84.184932 0
501.472826 84.184932 0
506.088359 83.945310 0
520.191414 83.945310 0
529.811118 83.945310 0
539.608715 84.184932 0
544.575250 84.184932 0
549.587496 84.184932 0
554.645875 84.184932 0
570.102072 83.705688 0
575.349265 83.705688 0
580.644754 83.705688 0
585.988983 83.705688 0
602.318611 83.705688 0
613.457062 83.705688 0
624.801493 83.945310 0
630.552138 83.945310 0
636.355711 83.945310 0
642.212701 83.945310 0
648.123598 83.945310 0
654.088898 83.945310 0
666.184718 84.184932 0
678.504221 84.424554 0
691.051544 84.184932 0
697.411951 83.945310 0
703.830900 83.945310 0
710.308928 83.945310 0
723.444403 83.705688 0
750.448574 83.226443 0
757.355670 83.226443 0
764.326337 83.226443 0
771.361163 83.226443 0
778.460736 83.226443 0
785.625654 83.226443 0
792.856517 82.986821 0
814.950879 82.747199 0
822.451650 82.507576 0
830.021458 82.267954 0
837.660939 82.028332 0
845.370732 82.267954 0
861.003855 81.788710 0
884.997263 81.788710 0
901.363184 82.267954 0
909.659291 82.507576 0
918.031754 82.747199 0
935.008570 82.986821 0
952.299331 83.226443 0
969.909844 82.986821 0
996.938112 82.986821 0
1024.719570 83.466065 0
1034.151044 83.705688 0
1053.275209 83.705688 0
1072.753031 83.945310 0
1082.626602 83.945310 0
1092.591049 83.945310 0
1102.647208 83.945310 0
1123.038047 84.184932 0
1133.374439 83.945310 0
1143.805967 83.705688 0
1164.957940 83.705688 0
1175.680160 83.705688 0
1208.442585 83.466065 0
1230.789859 83.226443 0
1242.117994 82.986821 0
1253.550392 82.747199 0
1265.088014 82.507576 0
1288.482810 82.267954 0
1312.310237 82.028332 0
1324.388682 82.267954 0
1336.578296 82.267954 0
1348.880103 82.267954 0
1386.469053 82.507576 0
1399.230052 82.747199 0
1412.108503 82.986821 0
1425.105487 82.986821 0
1438.222094 82.986821 0
1451.459425 82.986821 0
1464.818593 82.986821 0
1478.300718 82.986821 0
1505.638376 82.747199 0
1547.595675 82.747199 0
1561.839677 82.507576 0
1590.722190 82.267954 0
1620.138816 82.267954 0
1635.050501 82.267954 0
1650.099433 82.267954 0
1665.286874 82.267954 0
1680.614100 82.267954 0
1696.082397 82.267954 0
1759.392444 82.747199 0
1775.585813 82.267954 0
1808.421053 82.028332 0
1825.065679 82.028332 0
1841.863502 82.028332 0
1858.815931 82.028332 0
1893.190314 82.028332 0
1928.200370 81.549087 0
1945.947440 81.069843 0
1981.933113 80.830221 0
2037.163214 81.069843 0
2093.932401 81.309465 0
2132.654704 81.549087 0
2152.283563 81.549087 0
2172.093084 82.028332 0
2192.084932 82.267954 0
2253.171289 82.507576 0
2294.838337 83.226443 0
2337.275918 83.226443 0
2380.498281 82.507576 0
2424.519939 82.028332 0
2446.835112 81.309465 0
2469.355673 80.111354 0
2492.083512 80.111354 0
2561.529864 78.673620 0
2585.106071 77.954754 0
2608.899271 77.475509 0
2632.911464 77.235887 0
2657.144663 76.996265 0
2681.600903 77.235887 0
2756.328496 78.433998 0
2781.697620 78.433998 0
2807.300241 78.433998 0
2885.530670 78.673620 0
2993.239519 77.954754 0
3048.592370 78.194376 0
3076.651477 78.194376 0
3162.387859 78.194376 0
3280.431018 78.673620 0
3310.623959 78.913243 0
3341.094793 78.913243 0
3371.846080 78.913243 0
3497.707733 78.673620 0
3562.389525 78.194376 0
3628.267453 77.475509 0
3661.661864 77.715131 0
3695.363636 78.194376 0
3798.341535 78.913243 0
3868.582835 78.913243 0
3940.123080 79.392487 0
4012.986292 79.152865 0
4049.921638 78.913243 0
4087.196936 79.152865 0
4201.093969 78.913243 0
4318.164947 78.913243 0
4357.909144 78.673620 0
4398.019144 78.673620 0
4438.498316 78.673620 0
4520.577793 78.673620 0
4646.551758 78.673620 0
4732.478689 78.433998 0
4819.994635 77.715131 0
4909.128980 77.475509 0
4954.312383 77.475509 0
5045.930616 77.475509 0
5092.373136 77.475509 0
5139.243110 77.475509 0
5234.281197 77.954754 0
5429.662382 77.954754 0
5632.336605 77.954754 0
5684.176379 78.673620 0
5736.493284 78.913243 0
5789.291712 79.152865 0
5896.350902 79.632109 0
5950.620652 80.111354 0
6005.389899 80.350976 0
6060.663239 80.830221 0
6229.554431 81.309465 0
6344.755234 81.549087 0
6403.152078 81.549087 0
6462.086403 81.788710 0
6521.563157 81.788710 0
6581.587333 81.549087 0
6764.995004 80.590598 0
6953.513658 80.590598 0
7017.513486 81.309465 0
7082.102367 81.549087 0
7213.069018 82.507576 0
7279.457782 82.986821 0
7551.179732 84.664176 0
7620.680452 84.903799 0
7761.606825 84.903799 0
7905.139296 83.945310 0
7977.897845 83.466065 0
8051.326060 82.986821 0
8275.690623 82.986821 0
8351.859709 82.986821 0
8428.729852 83.226443 0
8584.599178 82.267954 0
8663.611445 81.788710 0
8743.350937 80.830221 0
8823.824348 79.871732 0
8905.038432 78.673620 0
8987.000008 77.954754 0
9069.715954 77.715131 0
9153.193213 77.235887 0
9322.459768 76.517020 0
9408.263270 76.037776 0
9582.246739 76.037776 0
9670.441309 75.798153 0
10031.412036 75.079287 0
10216.919160 74.600042 0
10310.955226 74.600042 0
10501.631837 74.600042 0
10598.288387 74.360420 0
10695.834559 74.360420 0
10794.278542 74.120798 0
10993.893069 72.922687 0
11095.080369 72.443442 0
11509.228916 71.005709 0
11615.159344 70.526464 0
11722.064751 70.286842 0
11829.954110 70.286842 0
11938.836479 70.047220 0
12384.480099 68.369864 0
12613.501625 68.130242 0
12729.595729 67.890619 0
12846.758359 67.411375 0
12964.999348 67.411375 0
13204.756197 67.171753 0
13448.946779 66.932131 0
13697.653086 66.692508 0
13823.725672 65.494397 0
13950.958625 65.494397 0
14339.726973 64.535908 0
14471.709179 64.296286 0
14739.329045 63.817041 0
14874.989170 63.577419 0
15011.897905 63.098175 0
15150.066742 63.098175 0
15715.576673 61.900063 0
15860.222137 61.660441 0
16006.198912 61.660441 0
16153.519251 61.660441 0
16603.665880 61.660441 0
17066.356649 61.900063 0
17223.434632 61.900063 0
17541.941120 61.900063 0
17703.396362 61.900063 0
17866.337630 61.900063 0
18030.778602 61.900063 0
18196.733081 61.900063 0
18533.238412 62.139686 0
18875.966608 62.139686 0
19049.700160 62.379308 0
19225.032748 62.379308 0
19401.979090 62.139686 0
19760.772581 61.660441 0
19942.649847 62.379308 0
20126.201104 62.379308 0
