430.110258 62.777496 0
432.040853 62.777496 0
433.980113 62.777496 0
435.928077 62.777496 0
437.884786 62.777496 0
439.850277 62.777496 0
441.824590 62.777496 0
443.807766 62.777496 0
445.799843 62.777496 0
447.800862 62.777496 0
449.810862 62.777496 0
451.829885 62.777496 0
453.857970 62.777496 0
455.895159 62.777496 0
457.941491 62.777496 0
459.997009 62.777496 0
462.061753 62.777496 0
464.135766 62.777496 0
466.219087 62.777496 0
468.311760 63.173269 0
472.525327 62.777496 0
474.646306 62.579609 0
476.776805 62.579609 0
478.916867 62.777496 0
485.394861 63.371156 0
487.573606 63.766930 0
496.386822 63.964816 0
505.359342 63.964816 0
507.627700 63.766930 0
514.494047 63.766930 0
519.123132 63.964816 0
521.453270 63.964816 0
528.506626 64.756364 0
530.878883 64.756364 0
533.261788 64.360590 0
542.900848 63.964816 0
545.337714 64.162703 0
547.785519 64.360590 0
550.244311 64.360590 0
552.714140 64.360590 0
555.195054 64.756364 0
560.190341 64.954250 0
565.230573 65.152137 0
570.316152 65.350024 0
572.876076 65.350024 0
580.624994 65.547911 0
585.849083 65.745797 0
588.478728 65.745797 0
591.120175 66.537345 0
596.438693 66.735231 0
599.115870 66.735231 0
607.219718 66.933118 0
609.945286 66.735231 0
612.683089 66.735231 0
615.433180 66.735231 0
618.195616 66.735231 0
620.970451 66.735231 0
623.757741 66.735231 0
629.369911 66.933118 0
635.032575 67.131005 0
640.746188 67.328892 0
643.622244 67.328892 0
649.413142 67.526779 0
652.328100 67.724665 0
658.197327 68.120439 0
661.151714 67.922552 0
664.119362 68.120439 0
667.100331 68.318326 0
670.094679 68.318326 0
679.158611 68.516212 0
685.269241 68.714099 0
688.345143 68.911986 0
694.538429 69.109873 0
700.787438 69.703533 0
707.092671 69.505646 0
713.454634 69.505646 0
719.873839 69.703533 0
726.350799 69.901420 0
729.611100 70.099307 0
732.886035 70.297194 0
739.480070 70.692967 0
746.133435 70.890854 0
749.482532 70.099307 0
752.846662 70.099307 0
756.225892 70.099307 0
759.620291 70.495080 0
769.895176 70.692967 0
776.822196 70.890854 0
783.811541 71.088741 0
787.329760 71.286627 0
801.561267 71.088741 0
808.773198 71.088741 0
812.403460 71.088741 0
827.088190 70.890854 0
838.275669 71.484514 0
845.817933 71.484514 0
849.614474 71.484514 0
853.428057 71.880288 0
857.258757 71.880288 0
864.971818 71.880288 0
872.754277 72.078175 0
876.671725 72.276061 0
892.518146 72.869722 0
896.524306 73.067609 0
908.651002 74.254929 0
912.729577 74.057042 0
916.826458 74.254929 0
929.227768 73.661269 0
933.398703 73.859156 0
937.588360 74.650703 0
950.270502 75.244363 0
954.535890 75.046476 0
958.820423 75.244363 0
971.789758 75.244363 0
976.151737 75.442250 0
980.533295 75.640137 0
984.934520 76.035910 0
993.796325 76.431684 0
998.257083 76.827457 0
1007.238756 76.629571 0
1020.863014 77.025344 0
1030.048081 77.619005 0
1048.666882 76.827457 0
1053.373932 77.025344 0
1072.414363 77.025344 0
1077.228005 77.223231 0
1082.063255 77.223231 0
1091.798962 77.223231 0
1096.699615 77.421118 0
1101.622264 77.619005 0
1106.567010 77.619005 0
1111.533951 77.619005 0
1121.534816 77.619005 0
1126.568941 77.619005 0
1131.625663 77.619005 0
1136.705082 77.619005 0
1141.807300 78.410552 0
1146.932420 78.806325 0
1152.080545 79.004212 0
1157.251778 79.399986 0
1162.446223 79.795759 0
1167.663983 80.389420 0
1172.905164 80.587306 0
1178.169870 80.785193 0
1183.458208 81.378854 0
1188.770282 81.378854 0
1194.106201 81.378854 0
1199.466070 81.180967 0
1204.849998 81.180967 0
1215.690461 81.774627 0
1221.147213 81.774627 0
1226.628459 81.774627 0
1232.134308 81.774627 0
1237.664871 81.774627 0
1243.220258 81.774627 0
1254.405951 81.774627 0
1260.036482 81.774627 0
1271.373477 81.774627 0
1277.080169 81.774627 0
1282.812476 81.774627 0
1288.570512 81.774627 0
1294.354395 81.774627 0
1300.164238 81.774627 0
1306.000160 81.774627 0
1311.862277 81.774627 0
1317.750707 80.785193 0
1329.606977 80.983080 0
1335.575056 81.180967 0
1341.569923 81.378854 0
1347.591699 81.378854 0
1359.716459 81.972514 0
1365.819687 82.170401 0
1371.950310 82.566174 0
1378.108452 82.961948 0
1384.294234 83.357721 0
1390.507782 83.753495 0
1415.642131 83.555608 0
1421.996387 83.555608 0
1428.379165 83.951382 0
1441.230799 83.753495 0
1454.198064 83.753495 0
1467.282000 83.555608 0
1473.868047 83.357721 0
1487.128961 83.159835 0
1493.804093 82.961948 0
1507.244378 82.764061 0
1534.488818 82.961948 0
1541.376530 83.159835 0
1548.295158 83.357721 0
1555.244841 83.555608 0
1562.225719 83.753495 0
1569.237931 83.951382 0
1590.463983 84.347155 0
1597.602945 84.347155 0
1604.773952 85.138702 0
1611.977146 85.138702 0
1619.212672 85.138702 0
1626.480676 85.138702 0
1655.880391 85.336589 0
1663.312981 85.336589 0
1670.778934 85.336589 0
1678.278398 85.336589 0
1685.811525 85.336589 0
1693.378464 85.336589 0
1708.614391 85.138702 0
1716.283684 84.940816 0
1723.987401 84.742929 0
1755.149614 84.742929 0
1763.027785 84.940816 0
1778.890371 85.138702 0
1802.952254 84.545042 0
1811.044992 84.545042 0
1827.339606 84.347155 0
1843.780829 83.951382 0
1852.056830 83.753495 0
1877.108388 84.347155 0
1893.997398 84.149268 0
1902.498801 84.149268 0
1911.038364 84.347155 0
1919.616258 84.742929 0
1928.232654 84.940816 0
1945.581648 85.138702 0
1971.898254 84.742929 0
1989.640122 84.545042 0
2007.541620 84.149268 0
2016.552679 83.753495 0
2025.604184 83.555608 0
2034.696318 83.357721 0
2043.829264 83.357721 0
2053.003203 83.357721 0
2071.474801 83.753495 0
2080.772830 83.753495 0
2108.918079 83.753495 0
2127.892763 83.555608 0
2137.444030 83.555608 0
2147.038169 83.555608 0
2156.675372 83.555608 0
2166.355833 83.555608 0
2176.079746 83.555608 0
2185.847305 83.555608 0
2205.514149 83.753495 0
2225.357942 83.555608 0
2255.458899 83.159835 0
2265.582760 83.159835 0
2275.752062 83.159835 0
2285.967011 83.159835 0
2296.227811 83.357721 0
2306.534667 83.357721 0
2327.287378 83.555608 0
2358.767067 83.357721 0
2390.672562 83.159835 0
2401.403343 82.368287 0
2412.182291 81.774627 0
2433.885551 81.180967 0
2444.810298 80.785193 0
2466.807124 81.180967 0
2477.879643 80.983080 0
2489.001862 80.983080 0
2500.174005 81.180967 0
2522.668957 81.378854 0
2533.992218 81.774627 0
2568.267869 82.368287 0
2579.795805 82.566174 0
2591.375486 82.961948 0
2603.007143 82.961948 0
2614.691010 82.764061 0
2626.427322 82.566174 0
2638.216313 82.368287 0
2650.058220 82.170401 0
2661.953281 81.972514 0
2685.903819 81.774627 0
2697.959776 81.774627 0
2710.069848 81.774627 0
2722.234277 81.774627 0
2734.453308 81.774627 0
2746.727185 81.774627 0
2759.056154 81.774627 0
2771.440464 81.774627 0
2783.880361 81.774627 0
2808.927920 81.378854 0
2821.536084 80.983080 0
2834.200841 80.983080 0
2846.922445 80.983080 0
2872.537216 81.378854 0
2911.392143 81.378854 0
2924.460228 81.180967 0
2950.772634 80.983080 0
3004.109802 80.587306 0
3058.411075 79.993646 0
3113.693880 80.587306 0
3141.708888 80.587306 0
3169.975957 81.378854 0
3184.204723 81.180967 0
3212.854142 81.774627 0
3227.275371 81.774627 0
3270.928607 81.774627 0
3315.172312 81.774627 0
3330.052807 81.774627 0
3345.000094 81.774627 0
3360.014473 81.774627 0
3375.096246 81.774627 0
3390.245715 81.774627 0
3405.463184 81.774627 0
3436.103345 82.170401 0
3451.526650 82.170401 0
3482.581260 82.368287 0
3545.531221 82.170401 0
3609.619045 82.170401 0
3625.821194 82.170401 0
3642.096068 82.170401 0
3674.865298 82.170401 0
3691.360312 82.170401 0
3724.572790 82.170401 0
3791.896908 81.180967 0
3808.917230 81.180967 0
3826.013950 81.180967 0
3843.187410 80.983080 0
3877.765930 80.587306 0
3930.217926 80.389420 0
3965.579490 80.389420 0
4001.259216 79.993646 0
4037.259964 79.993646 0
4073.584624 79.597872 0
4091.869331 79.399986 0
4147.217363 79.399986 0
4165.832577 79.399986 0
4203.314051 79.202099 0
4260.169522 78.410552 0
4279.291734 78.410552 0
4317.794040 78.608439 0
4356.642765 78.806325 0
4376.198007 79.004212 0
4395.841025 79.202099 0
4435.391966 79.399986 0
4455.300682 79.399986 0
4475.298761 79.202099 0
4495.386603 78.806325 0
4576.643691 79.004212 0
4597.186431 79.004212 0
4659.369555 79.202099 0
4722.393790 79.202099 0
4764.882842 79.993646 0
4786.270512 80.191533 0
4807.754183 80.389420 0
4829.334286 80.785193 0
4851.011253 81.180967 0
4872.785520 81.378854 0
4894.657522 81.378854 0
4938.696492 81.774627 0
4960.864343 81.972514 0
5005.498999 81.972514 0
5027.966700 81.774627 0
5050.535249 81.774627 0
5073.205100 81.774627 0
5095.976707 81.774627 0
5141.827017 81.774627 0
5188.089858 81.774627 0
5211.377137 81.774627 0
5258.265746 80.983080 0
5305.576228 81.180967 0
5329.390857 81.180967 0
5377.341277 81.378854 0
5401.478030 81.378854 0
5450.077044 81.180967 0
5474.540279 80.983080 0
5499.113320 80.983080 0
5523.796660 81.972514 0
5548.590794 81.972514 0
5648.885245 81.972514 0
5699.710269 82.170401 0
5725.294009 82.368287 0
5776.806510 81.378854 0
5802.736305 81.378854 0
5828.782488 81.378854 0
5907.624604 81.180967 0
5934.141589 80.983080 0
5987.533166 80.983080 0
6014.408829 81.180967 0
6095.761791 81.378854 0
6150.607522 81.378854 0
6178.215161 81.378854 0
6205.946719 81.378854 0
6233.802754 81.378854 0
6289.890489 81.378854 0
6318.123314 81.180967 0
6346.482865 80.785193 0
6374.969711 80.389420 0
6403.584423 79.993646 0
6432.327575 79.795759 0
6461.199743 79.399986 0
6490.201507 79.202099 0
6607.516195 79.202099 0
6637.174716 79.399986 0
6696.891732 79.795759 0
6726.951424 80.191533 0
6787.476192 80.587306 0
6910.164317 80.389420 0
7035.070110 79.795759 0
7066.647751 79.795759 0
7098.367131 79.795759 0
7194.382086 79.795759 0
7226.674815 79.795759 0
7259.112494 79.597872 0
7291.695772 79.597872 0
7357.301746 79.795759 0
7390.325757 80.191533 0
7423.498000 80.191533 0
7456.819139 80.389420 0
7490.289844 80.587306 0
7625.681791 80.389420 0
7659.910453 80.389420 0
7694.292755 80.389420 0
7728.829385 80.389420 0
7763.521036 80.389420 0
7833.372189 80.587306 0
7903.851817 80.587306 0
8010.762035 81.774627 0
8046.719170 81.774627 0
8082.837703 81.180967 0
8119.118357 80.983080 0
8192.168945 81.378854 0
8228.940344 81.378854 0
8302.979039 81.774627 0
8340.247821 81.972514 0
8415.287989 82.566174 0
8453.060881 82.764061 0
8491.003320 82.764061 0
8529.116068 82.764061 0
8683.285486 82.961948 0
8722.261313 82.961948 0
8800.738592 82.764061 0
8840.241618 82.764061 0
9000.034837 82.961948 0
9081.011343 82.961948 0
9121.772403 83.159835 0
9162.716423 83.159835 0
9286.654476 83.357721 0
9328.338587 83.357721 0
9412.268958 83.555608 0
9496.954481 83.357721 0
9539.582545 83.357721 0
9625.413553 83.555608 0
9668.618219 83.951382 0
9712.016813 84.347155 0
9755.610207 84.545042 0
9887.567945 84.742929 0
9976.529901 84.347155 0
10021.310589 84.149268 0
10066.292280 83.951382 0
10111.475875 84.149268 0
10156.862282 84.149268 0
10202.452411 84.149268 0
10248.247175 84.149268 0
10294.247494 83.951382 0
10340.454291 83.951382 0
10527.364846 83.951382 0
10574.618013 83.951382 0
10669.761603 83.951382 0
10717.653933 83.951382 0
10911.382621 83.753495 0
11009.556201 83.555608 0
11058.973735 83.357721 0
11108.613084 83.159835 0
11158.475245 82.961948 0
11208.561217 82.961948 0
11258.872005 82.961948 0
11411.163379 83.159835 0
11462.383568 83.159835 0
11513.833664 83.159835 0
11565.514699 83.159835 0
11669.573737 82.961948 0
11774.569032 82.566174 0
11827.420405 82.368287 0
11880.509006 82.170401 0
11933.835902 81.972514 0
12095.257070 81.972514 0
12258.861676 82.368287 0
12313.886847 82.566174 0
12369.159003 82.764061 0
12424.679255 82.961948 0
12536.468502 82.368287 0
12592.739739 82.764061 0
12649.263556 83.159835 0
12706.041085 83.555608 0
12763.073467 83.753495 0
12820.361844 83.951382 0
12877.907367 84.149268 0
12935.711188 84.347155 0
12993.774467 84.545042 0
13110.684066 84.742929 0
13228.645541 84.940816 0
13288.023687 84.940816 0
13407.580749 85.138702 0
13467.762065 85.138702 0
13711.200778 85.336589 0
13959.039807 85.534476 0
14021.696403 85.534476 0
14084.634239 85.732363 0
14147.854579 85.732363 0
14275.147846 86.128136 0
14339.223325 86.326023 0
14403.586415 86.128136 0
14468.238404 86.128136 0
14533.180591 86.326023 0
14598.414277 86.326023 0
14795.877449 86.919683 0
14862.290278 86.919683 0
14929.001207 86.919683 0
14996.011575 86.326023 0
15063.322727 86.128136 0
15130.936011 86.128136 0
15198.852785 86.326023 0
15267.074410 86.128136 0
15404.437694 86.326023 0
15473.582108 86.326023 0
15612.803416 86.523910 0
15682.883101 86.326023 0
15823.987563 86.128136 0
15895.015171 86.128136 0
16038.028261 85.930250 0
16254.964146 86.523910 0
16327.926237 86.128136 0
16401.215825 86.128136 0
16474.834381 86.128136 0
16548.783382 86.128136 0
16697.678656 85.534476 0
16772.627916 85.336589 0
16847.913594 85.336589 0
16923.537200 85.336589 0
16999.500249 84.545042 0
17152.450783 85.138702 0
17229.441335 85.138702 0
17306.777468 85.138702 0
17384.460731 85.138702 0
17540.874891 84.940816 0
17619.608925 84.940816 0
17698.696365 84.940816 0
17857.937814 84.940816 0
18099.490422 85.138702 0
18180.731860 85.138702 0
18262.337958 85.138702 0
18344.310354 85.138702 0
18509.360621 84.940816 0
18592.441804 84.742929 0
18675.895905 84.742929 0
18759.724598 84.545042 0
19013.475084 83.555608 0
19184.546064 83.357721 0
19357.156230 83.159835 0
19444.042831 83.951382 0
19618.987782 83.951382 0
19973.613971 83.555608 0
20153.323661 83.357721 0
20243.783942 83.357721 0
20334.650263 83.357721 0
20517.608325 82.961948 0
20609.703735 82.764061 0
20888.477675 82.961948 0
20982.237771 83.159835 0
21076.418719 83.357721 0
21171.022407 83.555608 0
21266.050735 82.961948 0
21361.505606 82.764061 0
21457.388937 82.764061 0
21650.448677 82.764061 0
21845.245444 82.961948 0
21943.300091 82.961948 0
22041.794866 82.566174 0
22140.731746 82.566174 0
22240.112713 82.368287 0
22339.939763 82.170401 0
22440.214897 81.972514 0
22540.940126 81.774627 0
22642.117471 81.774627 0
22743.748960 81.774627 0
22845.836633 81.972514 0
22948.382538 81.972514 0
23051.388730 81.972514 0
23154.857276 81.972514 0
23258.790251 81.972514 0
23363.189741 81.972514 0
23468.057838 81.972514 0
23573.396646 81.972514 0
23679.208279 81.972514 0
23785.494858 81.972514 0
23892.258516 81.972514 0
23999.501393 81.972514 0
24107.225641 81.972514 0
24215.433420 81.972514 0
