20.011081 53.996997 0
20.235109 53.996997 0
20.461644 54.579813 0
20.690716 54.871221 0
21.393434 55.454036 0
21.875123 56.036852 0
22.367657 56.911076 0
22.618067 57.493892 0
22.871280 57.493892 0
23.127329 57.785300 0
23.648057 58.076708 0
23.912802 58.076708 0
24.724951 58.659524 0
25.281651 59.242339 0
25.564684 59.533747 0
26.140291 60.116563 0
26.432936 60.407971 0
26.728858 60.407971 0
27.636650 61.282195 0
28.575272 62.447827 0
28.895178 62.739234 0
29.218665 63.030642 0
29.545773 63.322050 0
30.211017 63.904866 0
30.549235 63.904866 0
31.586778 64.487682 0
31.940398 64.487682 0
33.025189 64.779090 0
33.768774 65.070498 0
34.146822 65.361906 0
34.529102 65.361906 0
35.306550 65.944722 0
36.101502 66.236129 0
36.505665 66.527537 0
36.914353 66.527537 0
37.327616 66.818945 0
39.027455 68.275985 0
39.464375 68.858801 0
39.906186 68.858801 0
40.352943 69.150209 0
42.190551 69.150209 0
42.662882 69.150209 0
43.140501 69.441617 0
43.623467 69.441617 0
45.105049 70.024432 0
47.159060 71.190064 0
47.687015 71.481472 0
48.220880 72.064288 0
48.760722 72.355696 0
49.306607 72.938512 0
49.858604 73.229920 0
50.981206 73.521327 0
51.551950 73.521327 0
52.129084 73.812735 0
52.712679 74.104143 0
53.302807 74.104143 0
55.113129 74.686959 0
55.730131 74.978367 0
57.622891 76.435407 0
58.267991 76.726815 0
58.920312 77.018223 0
59.579936 77.309630 0
60.246944 77.892446 0
60.921420 78.183854 0
61.603447 78.475262 0
62.293109 78.766670 0
62.990493 78.766670 0
65.858978 79.058078 0
66.596281 79.349486 0
69.628968 80.515118 0
70.408477 80.806526 0
71.196714 81.097933 0
71.993774 81.389341 0
72.799758 81.680749 0
74.438897 82.263565 0
75.272254 82.554973 0
76.967062 82.846381 0
77.828723 83.137789 0
78.700030 83.429197 0
80.472018 83.720605 0
82.283902 84.303421 0
83.205086 84.594828 0
84.136583 84.886236 0
86.030978 85.177644 0
86.994111 85.469052 0
87.968026 86.051868 0
88.952845 86.343276 0
89.948689 86.343276 0
94.044806 87.800316 0
96.162292 87.800316 0
97.238847 88.091724 0
99.428249 88.674539 0
101.666947 88.674539 0
102.805127 88.383131 0
106.296694 88.091724 0
108.690040 87.508908 0
112.381476 86.926092 0
113.639608 86.926092 0
116.198285 87.217500 0
120.144723 87.508908 0
121.489766 87.800316 0
122.849867 88.091724 0
132.806599 88.091724 0
134.293394 88.383131 0
137.317105 88.674539 0
140.408897 88.674539 0
141.980802 88.965947 0
143.570303 88.965947 0
145.177600 88.965947 0
146.802891 88.965947 0
148.446377 88.965947 0
150.108262 88.674539 0
155.206384 88.674539 0
156.943949 88.965947 0
158.700966 88.965947 0
164.090922 88.383131 0
165.927951 88.091724 0
169.663937 88.091724 0
171.563357 87.800316 0
175.426228 87.508908 0
179.376074 86.926092 0
181.384223 86.926092 0
183.414854 86.926092 0
185.468218 86.926092 0
187.544569 86.926092 0
189.644166 87.217500 0
191.767269 87.217500 0
193.914140 87.217500 0
196.085045 87.217500 0
198.280254 87.217500 0
200.500039 87.217500 0
205.014440 87.217500 0
211.977339 87.508908 0
214.350465 87.800316 0
216.750159 87.800316 0
219.176718 87.800316 0
226.620610 87.800316 0
229.157671 87.800316 0
234.317318 87.800316 0
236.940545 87.508908 0
239.593139 87.217500 0
242.275430 87.217500 0
247.730433 87.217500 0
256.144094 86.926092 0
259.011676 86.926092 0
261.911360 86.926092 0
264.843508 86.926092 0
267.808481 86.926092 0
270.806647 86.634684 0
273.838379 86.634684 0
276.904052 86.926092 0
280.004045 86.926092 0
283.138743 86.926092 0
292.754975 87.217500 0
296.032422 87.217500 0
299.346561 87.217500 0
302.697803 87.217500 0
306.086562 87.217500 0
309.513259 87.217500 0
312.978318 87.217500 0
316.482170 87.217500 0
320.025248 87.217500 0
334.598679 87.217500 0
338.344574 86.926092 0
342.132406 86.926092 0
345.962643 86.926092 0
349.835760 86.926092 0
361.717220 87.508908 0
374.002211 87.800316 0
378.189236 87.800316 0
382.423136 87.800316 0
399.838066 87.800316 0
404.314329 87.508908 0
413.417753 87.217500 0
422.726148 86.634684 0
427.458647 86.343276 0
446.924421 86.343276 0
456.987242 86.051868 0
467.276634 85.760460 0
472.507884 85.760460 0
477.797700 85.469052 0
483.146735 85.177644 0
488.555654 85.177644 0
494.025127 85.177644 0
510.803687 85.177644 0
516.522231 85.177644 0
522.304795 85.177644 0
528.152096 85.469052 0
540.043816 85.469052 0
546.089708 85.469052 0
564.636535 85.760460 0
570.957748 85.760460 0
577.349728 85.760460 0
590.349168 85.760460 0
603.641299 85.760460 0
610.399177 86.051868 0
617.232712 86.051868 0
624.142749 86.051868 0
645.340488 86.051868 0
659.870788 86.051868 0
674.728248 86.343276 0
682.281958 86.634684 0
697.644022 86.634684 0
705.454278 86.634684 0
713.351972 86.634684 0
721.338083 86.634684 0
729.413599 86.634684 0
737.579522 86.634684 0
754.186650 86.634684 0
762.629912 86.634684 0
771.167698 86.634684 0
779.801066 86.634684 0
797.358841 86.343276 0
815.311942 86.051868 0
833.669270 85.760460 0
843.002355 85.469052 0
852.439926 85.469052 0
861.983153 85.469052 0
871.633217 85.469052 0
881.391316 85.469052 0
891.258658 85.469052 0
901.236468 85.469052 0
911.325981 85.469052 0
952.826288 86.051868 0
996.216452 86.343276 0
1007.369284 86.343276 0
1018.646974 86.634684 0
1030.050919 86.634684 0
1041.582534 86.634684 0
1053.243248 86.634684 0
1076.957768 86.343276 0
1089.014514 86.343276 0
1101.206238 86.343276 0
1126.000679 86.051868 0
1164.243003 85.760460 0
1177.276924 85.760460 0
1230.888206 85.760460 0
1244.668233 85.760460 0
1286.940860 85.760460 0
1330.649190 86.634684 0
1391.244797 86.634684 0
1422.569662 86.343276 0
1454.599829 86.051868 0
1520.839947 86.051868 0
1555.082739 86.926092 0
1572.492185 87.217500 0
1590.096532 87.508908 0
1662.506950 88.965947 0
1718.970620 89.548763 0
1738.214821 89.548763 0
1757.674465 89.840171 0
1777.351963 89.840171 0
1797.249755 89.840171 0
1817.370306 89.840171 0
1879.093595 89.840171 0
1921.402722 90.131579 0
1942.913189 90.131579 0
2008.900287 90.714395 0
2054.132105 90.714395 0
2077.128502 90.714395 0
2100.382349 90.422987 0
2123.896527 90.131579 0
2147.673950 89.840171 0
2171.717566 89.548763 0
2196.030356 89.257355 0
2220.615331 88.965947 0
2245.475540 87.800316 0
2270.614063 87.800316 0
2296.034017 86.926092 0
2321.738553 86.343276 0
2347.730855 86.051868 0
2400.591684 84.886236 0
2509.910737 84.594828 0
2538.009662 84.594828 0
2566.423161 84.594828 0
2595.154754 84.594828 0
2624.208002 84.594828 0
2683.293910 84.886236 0
2805.486764 85.760460 0
2868.654293 85.760460 0
2900.769420 85.760460 0
2999.288158 86.926092 0
3101.152885 87.508908 0
3170.977546 87.800316 0
3206.477239 87.800316 0
3242.374359 88.091724 0
3315.378722 88.383131 0
3352.495014 88.674539 0
3390.026830 88.674539 0
3427.978822 88.965947 0
3544.403155 89.257355 0
3664.781605 89.548763 0
3747.296767 89.257355 0
3789.248463 89.257355 0
3831.669817 88.965947 0
3874.566086 88.965947 0
3917.942586 88.965947 0
3961.804695 88.965947 0
4006.157848 88.965947 0
4051.007543 88.965947 0
4096.359339 88.965947 0
4142.218857 88.965947 0
4282.900901 88.674539 0
4330.848787 88.383131 0
4379.333459 88.091724 0
4428.360926 87.800316 0
4578.761204 88.383131 0
4630.021302 88.383131 0
4840.864965 88.674539 0
4895.059365 88.674539 0
5117.972431 88.965947 0
5233.207218 89.257355 0
5291.793963 89.548763 0
5351.036598 89.548763 0
5410.942465 89.840171 0
5657.348012 89.840171 0
5784.727223 90.131579 0
5849.488339 90.131579 0
6048.154321 91.005803 0
6115.864553 91.005803 0
6394.371109 91.297211 0
6465.957303 91.297211 0
6760.406515 91.588619 0
6836.090545 91.297211 0
6912.621873 91.005803 0
6990.009982 90.714395 0
7068.264467 90.714395 0
7390.141770 91.588619 0
7472.875806 91.880026 0
7556.536064 92.171434 0
7641.132915 92.462842 0
7726.676844 92.754250 0
7900.648465 93.628474 0
8168.977932 94.211290 0
8260.431186 94.502698 0
8352.908276 94.794106 0
8540.979942 95.376922 0
8733.286176 95.085514 0
8831.056967 94.794106 0
8929.922321 94.794106 0
9029.894491 94.794106 0
9130.985868 94.794106 0
9233.208983 94.211290 0
9336.576504 94.211290 0
9441.101245 93.628474 0
9653.674349 92.754250 0
10093.287027 91.880026 0
10320.544558 92.171434 0
10671.060878 92.462842 0
11033.481772 93.337066 0
11157.003688 93.045658 0
11281.908456 93.045658 0
11795.668274 94.502698 0
11927.723013 93.919882 0
12061.256129 93.628474 0
12470.892179 93.045658 0
12610.506177 93.045658 0
13184.768182 91.880026 0
13785.181147 92.171434 0
14412.935946 92.754250 0
14574.291491 91.588619 0
14737.453442 91.005803 0
14902.442022 90.714395 0
15237.981095 90.422987 0
15408.573177 89.840171 0
15581.075069 88.965947 0
15755.508153 88.091724 0
15931.894048 88.091724 0
16472.988448 88.091724 0
16657.406671 88.091724 0
16843.889490 88.091724 0
17415.957963 88.674539 0
17808.090634 88.965947 0
18007.455578 88.965947 0
18209.052450 89.257355 0
18412.906238 89.257355 0
18619.042208 88.965947 0
19038.263175 88.383131 0
19684.859090 88.383131 0
19905.234812 88.383131 0
